<?xml version="1.0" encoding="UTF-8"?>
<testng-results skipped="0" failed="0" ignored="0" total="1" passed="1">
  <reporter-output>
  </reporter-output>
  <suite name="Default suite" duration-ms="27583106" started-at="2019-02-28T12:44:17Z" finished-at="2019-02-28T20:24:00Z">
    <groups>
    </groups>
    <test name="Default test" duration-ms="27583106" started-at="2019-02-28T12:44:17Z" finished-at="2019-02-28T20:24:00Z">
      <class name="core.vahan3">
        <test-method status="PASS" signature="getAppno()[pri:0, instance:core.vahan3@55f3ddb1]" name="getAppno" is-config="true" duration-ms="31515" started-at="2019-02-28T12:44:17Z" finished-at="2019-02-28T12:44:48Z">
          <reporter-output>
          </reporter-output>
        </test-method> <!-- getAppno -->
        <test-method status="PASS" signature="capturedata()[pri:1, instance:core.vahan3@55f3ddb1]" name="capturedata" duration-ms="27551591" started-at="2019-02-28T12:44:48Z" finished-at="2019-02-28T20:24:00Z">
          <reporter-output>
          </reporter-output>
        </test-method> <!-- capturedata -->
      </class> <!-- core.vahan3 -->
    </test> <!-- Default test -->
  </suite> <!-- Default suite -->
</testng-results>
