<?xml version="1.0" encoding="UTF-8"?>
<testng-results skipped="0" failed="0" ignored="0" total="1" passed="1">
  <reporter-output>
  </reporter-output>
  <suite name="Default suite" duration-ms="56819157" started-at="2019-05-20T08:46:24Z" finished-at="2019-05-21T00:33:23Z">
    <groups>
    </groups>
    <test name="Default test" duration-ms="56819157" started-at="2019-05-20T08:46:24Z" finished-at="2019-05-21T00:33:23Z">
      <class name="core.practo">
        <test-method status="PASS" signature="setup()[pri:0, instance:core.practo@42d80b78]" name="setup" is-config="true" duration-ms="4078" started-at="2019-05-20T08:46:24Z" finished-at="2019-05-20T08:46:28Z">
          <reporter-output>
          </reporter-output>
        </test-method> <!-- setup -->
        <test-method status="PASS" signature="searchData()[pri:1, instance:core.practo@42d80b78]" name="searchData" duration-ms="56814944" started-at="2019-05-20T08:46:28Z" finished-at="2019-05-21T00:33:23Z">
          <reporter-output>
          </reporter-output>
        </test-method> <!-- searchData -->
      </class> <!-- core.practo -->
    </test> <!-- Default test -->
  </suite> <!-- Default suite -->
</testng-results>
