<?xml version="1.0" encoding="UTF-8"?>
<testng-results skipped="0" failed="0" ignored="0" total="1" passed="1">
  <reporter-output>
  </reporter-output>
  <suite name="Default suite" duration-ms="28536" started-at="2018-06-14T10:03:24Z" finished-at="2018-06-14T10:03:53Z">
    <groups>
    </groups>
    <test name="Default test" duration-ms="28536" started-at="2018-06-14T10:03:24Z" finished-at="2018-06-14T10:03:53Z">
      <class name="core.OneMG">
        <test-method status="PASS" signature="setUp()[pri:0, instance:core.OneMG@482f8f11]" name="setUp" is-config="true" duration-ms="4875" started-at="2018-06-14T15:33:24Z" finished-at="2018-06-14T15:33:29Z">
          <reporter-output>
          </reporter-output>
        </test-method> <!-- setUp -->
        <test-method status="PASS" signature="testUntitledTestCase()[pri:0, instance:core.OneMG@482f8f11]" name="testUntitledTestCase" duration-ms="21673" started-at="2018-06-14T15:33:29Z" finished-at="2018-06-14T15:33:51Z">
          <reporter-output>
          </reporter-output>
        </test-method> <!-- testUntitledTestCase -->
        <test-method status="PASS" signature="tearDown()[pri:0, instance:core.OneMG@482f8f11]" name="tearDown" is-config="true" duration-ms="1957" started-at="2018-06-14T15:33:51Z" finished-at="2018-06-14T15:33:53Z">
          <reporter-output>
          </reporter-output>
        </test-method> <!-- tearDown -->
      </class> <!-- core.OneMG -->
    </test> <!-- Default test -->
  </suite> <!-- Default suite -->
</testng-results>
