<?xml version="1.0" encoding="UTF-8"?>
<testng-results skipped="0" failed="0" ignored="0" total="1" passed="1">
  <reporter-output>
  </reporter-output>
  <suite name="Default suite" duration-ms="27445911" started-at="2019-04-11T17:11:59Z" finished-at="2019-04-12T00:49:25Z">
    <groups>
    </groups>
    <test name="Default test" duration-ms="27445911" started-at="2019-04-11T17:11:59Z" finished-at="2019-04-12T00:49:25Z">
      <class name="core.PractoDoctorsDB">
        <test-method status="PASS" signature="runProcess()[pri:1, instance:core.PractoDoctorsDB@18be83e4]" name="runProcess" duration-ms="27445887" started-at="2019-04-11T17:11:59Z" finished-at="2019-04-12T00:49:25Z">
          <reporter-output>
          </reporter-output>
        </test-method> <!-- runProcess -->
      </class> <!-- core.PractoDoctorsDB -->
    </test> <!-- Default test -->
  </suite> <!-- Default suite -->
</testng-results>
